<?xml version="1.0" encoding="UTF-8"?>
<!-- Generated by org.testng.reporters.JUnitXMLReporter -->
<testsuite ignored="0" hostname="BKLAP035" failures="0" tests="8" name="Command line test" time="3.499" errors="0" timestamp="2022-04-27T15:03:20 IST">
  <testcase classname="restapi.TestCases" name="GetData" time="2.943"/>
  <testcase classname="restapi.TestCases" name="post_data" time="0.108"/>
  <testcase classname="restapi.TestCases" name="put_data" time="0.075"/>
  <testcase classname="restapi.TestCases" name="delete_data" time="0.06"/>
  <testcase classname="TestCases" name="GetData" time="0.047"/>
  <testcase classname="TestCases" name="post_data" time="0.059"/>
  <testcase classname="TestCases" name="put_data" time="0.062"/>
  <testcase classname="TestCases" name="delete_data" time="0.048"/>
</testsuite> <!-- Command line test -->
