<?xml version="1.0" encoding="UTF-8"?>
<testng-results ignored="0" total="8" passed="8" failed="0" skipped="0">
  <reporter-output>
  </reporter-output>
  <suite started-at="2022-04-27T15:03:16 IST" name="Command line suite" finished-at="2022-04-27T15:03:20 IST" duration-ms="3499">
    <groups>
    </groups>
    <test started-at="2022-04-27T15:03:16 IST" name="Command line test" finished-at="2022-04-27T15:03:20 IST" duration-ms="3499">
      <class name="TestCases">
        <test-method signature="GetData()[pri:1, instance:TestCases@797badd3]" started-at="2022-04-27T15:03:19 IST" name="GetData" finished-at="2022-04-27T15:03:19 IST" duration-ms="47" status="PASS">
          <reporter-output>
          </reporter-output>
        </test-method> <!-- GetData -->
        <test-method signature="post_data()[pri:2, instance:TestCases@797badd3]" started-at="2022-04-27T15:03:19 IST" name="post_data" finished-at="2022-04-27T15:03:19 IST" duration-ms="59" status="PASS">
          <reporter-output>
          </reporter-output>
        </test-method> <!-- post_data -->
        <test-method signature="put_data()[pri:3, instance:TestCases@797badd3]" started-at="2022-04-27T15:03:19 IST" name="put_data" finished-at="2022-04-27T15:03:20 IST" duration-ms="62" status="PASS">
          <reporter-output>
          </reporter-output>
        </test-method> <!-- put_data -->
        <test-method signature="delete_data()[pri:4, instance:TestCases@797badd3]" started-at="2022-04-27T15:03:20 IST" name="delete_data" finished-at="2022-04-27T15:03:20 IST" duration-ms="48" status="PASS">
          <reporter-output>
          </reporter-output>
        </test-method> <!-- delete_data -->
      </class> <!-- TestCases -->
      <class name="restapi.TestCases">
        <test-method signature="GetData()[pri:1, instance:restapi.TestCases@38364841]" started-at="2022-04-27T15:03:16 IST" name="GetData" finished-at="2022-04-27T15:03:19 IST" duration-ms="2943" status="PASS">
          <reporter-output>
          </reporter-output>
        </test-method> <!-- GetData -->
        <test-method signature="post_data()[pri:2, instance:restapi.TestCases@38364841]" started-at="2022-04-27T15:03:19 IST" name="post_data" finished-at="2022-04-27T15:03:19 IST" duration-ms="108" status="PASS">
          <reporter-output>
          </reporter-output>
        </test-method> <!-- post_data -->
        <test-method signature="put_data()[pri:3, instance:restapi.TestCases@38364841]" started-at="2022-04-27T15:03:19 IST" name="put_data" finished-at="2022-04-27T15:03:19 IST" duration-ms="75" status="PASS">
          <reporter-output>
          </reporter-output>
        </test-method> <!-- put_data -->
        <test-method signature="delete_data()[pri:4, instance:restapi.TestCases@38364841]" started-at="2022-04-27T15:03:19 IST" name="delete_data" finished-at="2022-04-27T15:03:19 IST" duration-ms="60" status="PASS">
          <reporter-output>
          </reporter-output>
        </test-method> <!-- delete_data -->
      </class> <!-- restapi.TestCases -->
    </test> <!-- Command line test -->
  </suite> <!-- Command line suite -->
</testng-results>
