<?xml version="1.0" encoding="UTF-8"?>
<!-- Generated by org.testng.reporters.JUnitXMLReporter -->
<testsuite ignored="0" hostname="BKLAP035" failures="0" tests="5" name="testcases" time="2.951" errors="0" timestamp="2022-04-27T12:06:18 IST">
  <testcase classname="restapi.TC01_Get_Request" name="get_data" time="2.482"/>
  <testcase classname="restapi.TC02_Post_Request" name="post_data" time="0.112"/>
  <testcase classname="restapi.TC03_Put_Request" name="put_data" time="0.083"/>
  <testcase classname="restapi.TC04_Patch_Request" name="patch_data" time="0.081"/>
  <testcase classname="restapi.TC05_Delete_Request" name="delete_data" time="0.087"/>
</testsuite> <!-- testcases -->
